This file contains any messages produced by compilers while
running configure, to aid debugging if configure makes a mistake.

It was created by configure, which was
generated by GNU Autoconf 2.69.  Invocation command line was

  $ ./configure --with-in-perl

## --------- ##
## Platform. ##
## --------- ##

hostname = hgx
uname -m = x86_64
uname -r = 3.16.7-21-desktop
uname -s = Linux
uname -v = #1 SMP PREEMPT Tue Apr 14 07:11:37 UTC 2015 (93c1539)

/usr/bin/uname -p = x86_64
/bin/uname -X     = unknown

/bin/arch              = x86_64
/usr/bin/arch -k       = unknown
/usr/convex/getsysinfo = unknown
/usr/bin/hostinfo      = unknown
/bin/machine           = unknown
/usr/bin/oslevel       = unknown
/bin/universe          = unknown

PATH: /home/pingu/bin
PATH: /opt/ogs/bin/linux-x64
PATH: /home/pingu/tmp/narwhal/bin
PATH: /home/pingu/bin
PATH: /opt/ogs/bin/linux-x64
PATH: /home/pingu/bin
PATH: /usr/local/bin
PATH: /usr/bin
PATH: /bin
PATH: /usr/bin/X11
PATH: /usr/games
PATH: /opt/kde3/bin
PATH: /usr/lib/mit/bin
PATH: /usr/lib/mit/sbin


## ----------- ##
## Core tests. ##
## ----------- ##

configure:1662: loading site script /usr/share/site/x86_64-unknown-linux-gnu
| #!/bin/sh
| # Site script for configure. It is resourced via $CONFIG_SITE environment varaible.
| 
| # If user did not specify libdir, guess the correct target:
| # Use lib64 for 64 bit bi-arch targets, keep the default for the rest.
| if test "$libdir" = '${exec_prefix}/lib' ; then
| 
| 	ac_config_site_64bit_host=NONE
| 
| 	case "$host" in
| 	"" )
| 		# User did not specify host target.
| 		# The native platform x86_64 is a bi-arch platform.
| 		# Try to detect cross-compilation to inferior architecture.
| 
| 		# We are trying to guess 32-bit target compilation. It's not as easy as
| 		# it sounds, as there is possible several intermediate combinations.
| 		ac_config_site_cross_to_32bit_host=NONE
| 
| 		# User defined -m32 in CFLAGS or CXXFLAGS:
| 		# (It's sufficient for 32-bit, but alone may cause mis-behavior of some checks.)
| 		case "$CFLAGS" in
| 		*-m32*)
| 			ac_config_site_cross_to_32bit_host=YES
| 			;;
| 		esac
| 		case "$CXXFLAGS" in
| 		*-m32*)
| 			ac_config_site_cross_to_32bit_host=YES
| 			;;
| 		esac
| 
| 		# Running with linux32:
| 		# (Changes detected platform, but not the toolchain target.)
| 		case "`/bin/uname -i`" in
| 		x86_64 | ppc64 | s390x )
| 			;;
| 		* )
| 			ac_config_site_cross_to_32bit_host=YES
| 			;;
| 		esac
| 
| 		if test "x$ac_config_site_cross_to_32bit_host" = xNONE; then
| 			ac_config_site_64bit_host=YES
| 		fi
| 
| 		;;
| 	*x86_64* | *ppc64* | *s390x* )
| 		ac_config_site_64bit_host=YES
| 		;;
| 	esac
| 
| 	if test "x$ac_config_site_64bit_host" = xYES; then
| 		libdir='${exec_prefix}/lib64'
| 	fi
| fi
| 
| # If user did not specify libexecdir, set the correct target:
| # Nor FHS nor openSUSE allow prefix/libexec. Let's default to prefix/lib.
| 
| if test "$libexecdir" = '${exec_prefix}/libexec' ; then
| 	libexecdir='${exec_prefix}/lib'
| fi
| 
| # Continue with the standard behavior of configure defined in AC_SITE_LOAD:
| if test "x$prefix" != xNONE; then
| 	ac_site_file1=$prefix/share/config.site
| 	ac_site_file2=$prefix/etc/config.site
| else
| 	ac_site_file1=$ac_default_prefix/share/config.site
| 	ac_site_file2=$ac_default_prefix/etc/config.site
| fi
| for ac_site_file in "$ac_site_file1" "$ac_site_file2"
| do
| 	test "x$ac_site_file" = xNONE && continue
| 	if test /dev/null != "$ac_site_file" && test -r "$ac_site_file"; then
| 		{ $as_echo "/usr/share/site/x86_64-unknown-linux-gnu:${as_lineno-$LINENO}: loading site script $ac_site_file" >&5
| $as_echo "/usr/share/site/x86_64-unknown-linux-gnu: loading site script $ac_site_file" >&6;}
| 		sed 's/^/| /' "$ac_site_file" >&5
| 		. "$ac_site_file" \
| 			|| { { $as_echo "/usr/share/site/x86_64-unknown-linux-gnu:${as_lineno-$LINENO}: error: in \`$ac_pwd':" >&5
| $as_echo "/usr/share/site/x86_64-unknown-linux-gnu: error: in \`$ac_pwd':" >&2;}
| as_fn_error $? "failed to load site script $ac_site_file
| See \`config.log' for more details" "$LINENO" 5; }
| 	fi
| done
configure:1761: checking for perl
configure:1779: found /usr/bin/perl
configure:1792: result: /usr/bin/perl
configure:2132: checking for gcc
configure:2148: found /usr/bin/gcc
configure:2159: result: gcc
configure:2388: checking for C compiler version
configure:2397: gcc --version >&5
gcc (SUSE Linux) 4.8.3 20140627 [gcc-4_8-branch revision 212064]
Copyright (C) 2013 Free Software Foundation, Inc.
This is free software; see the source for copying conditions.  There is NO
warranty; not even for MERCHANTABILITY or FITNESS FOR A PARTICULAR PURPOSE.

configure:2408: $? = 0
configure:2397: gcc -v >&5
Using built-in specs.
COLLECT_GCC=gcc
COLLECT_LTO_WRAPPER=/usr/lib64/gcc/x86_64-suse-linux/4.8/lto-wrapper
Target: x86_64-suse-linux
Configured with: ../configure --prefix=/usr --infodir=/usr/share/info --mandir=/usr/share/man --libdir=/usr/lib64 --libexecdir=/usr/lib64 --enable-languages=c,c++,objc,fortran,obj-c++,java,ada --enable-checking=release --with-gxx-include-dir=/usr/include/c++/4.8 --enable-ssp --disable-libssp --disable-plugin --with-bugurl=http://bugs.opensuse.org/ --with-pkgversion='SUSE Linux' --disable-libgcj --disable-libmudflap --with-slibdir=/lib64 --with-system-zlib --enable-__cxa_atexit --enable-libstdcxx-allocator=new --disable-libstdcxx-pch --enable-version-specific-runtime-libs --enable-linker-build-id --enable-linux-futex --program-suffix=-4.8 --without-system-libunwind --with-arch-32=i586 --with-tune=generic --build=x86_64-suse-linux --host=x86_64-suse-linux
Thread model: posix
gcc version 4.8.3 20140627 [gcc-4_8-branch revision 212064] (SUSE Linux) 
configure:2408: $? = 0
configure:2397: gcc -V >&5
gcc: error: unrecognized command line option '-V'
gcc: fatal error: no input files
compilation terminated.
configure:2408: $? = 1
configure:2397: gcc -qversion >&5
gcc: error: unrecognized command line option '-qversion'
gcc: fatal error: no input files
compilation terminated.
configure:2408: $? = 1
configure:2428: checking whether the C compiler works
configure:2450: gcc  -D_REENTRANT -D_GNU_SOURCE -DPERL_USE_SAFE_PUTENV -fwrapv -fno-strict-aliasing -pipe -fstack-protector -D_LARGEFILE_SOURCE -D_FILE_OFFSET_BITS=64  -I/usr/lib/perl5/5.20.1/x86_64-linux-thread-multi/CORE  -DPERL_POLLUTE   conftest.c  >&5
configure:2454: $? = 0
configure:2502: result: yes
configure:2505: checking for C compiler default output file name
configure:2507: result: a.out
configure:2513: checking for suffix of executables
configure:2520: gcc -o conftest  -D_REENTRANT -D_GNU_SOURCE -DPERL_USE_SAFE_PUTENV -fwrapv -fno-strict-aliasing -pipe -fstack-protector -D_LARGEFILE_SOURCE -D_FILE_OFFSET_BITS=64  -I/usr/lib/perl5/5.20.1/x86_64-linux-thread-multi/CORE  -DPERL_POLLUTE   conftest.c  >&5
configure:2524: $? = 0
configure:2546: result: 
configure:2568: checking whether we are cross compiling
configure:2576: gcc -o conftest  -D_REENTRANT -D_GNU_SOURCE -DPERL_USE_SAFE_PUTENV -fwrapv -fno-strict-aliasing -pipe -fstack-protector -D_LARGEFILE_SOURCE -D_FILE_OFFSET_BITS=64  -I/usr/lib/perl5/5.20.1/x86_64-linux-thread-multi/CORE  -DPERL_POLLUTE   conftest.c  >&5
configure:2580: $? = 0
configure:2587: ./conftest
configure:2591: $? = 0
configure:2606: result: no
configure:2611: checking for suffix of object files
configure:2633: gcc -c  -D_REENTRANT -D_GNU_SOURCE -DPERL_USE_SAFE_PUTENV -fwrapv -fno-strict-aliasing -pipe -fstack-protector -D_LARGEFILE_SOURCE -D_FILE_OFFSET_BITS=64  -I/usr/lib/perl5/5.20.1/x86_64-linux-thread-multi/CORE  -DPERL_POLLUTE  conftest.c >&5
configure:2637: $? = 0
configure:2658: result: o
configure:2662: checking whether we are using the GNU C compiler
configure:2681: gcc -c  -D_REENTRANT -D_GNU_SOURCE -DPERL_USE_SAFE_PUTENV -fwrapv -fno-strict-aliasing -pipe -fstack-protector -D_LARGEFILE_SOURCE -D_FILE_OFFSET_BITS=64  -I/usr/lib/perl5/5.20.1/x86_64-linux-thread-multi/CORE  -DPERL_POLLUTE  conftest.c >&5
configure:2681: $? = 0
configure:2690: result: yes
configure:2699: checking whether gcc accepts -g
configure:2719: gcc -c -g  conftest.c >&5
configure:2719: $? = 0
configure:2760: result: yes
configure:2777: checking for gcc option to accept ISO C89
configure:2840: gcc  -c  -D_REENTRANT -D_GNU_SOURCE -DPERL_USE_SAFE_PUTENV -fwrapv -fno-strict-aliasing -pipe -fstack-protector -D_LARGEFILE_SOURCE -D_FILE_OFFSET_BITS=64  -I/usr/lib/perl5/5.20.1/x86_64-linux-thread-multi/CORE  -DPERL_POLLUTE  conftest.c >&5
configure:2840: $? = 0
configure:2853: result: none needed
configure:2886: gcc -c  -D_REENTRANT -D_GNU_SOURCE -DPERL_USE_SAFE_PUTENV -fwrapv -fno-strict-aliasing -pipe -fstack-protector -D_LARGEFILE_SOURCE -D_FILE_OFFSET_BITS=64  -I/usr/lib/perl5/5.20.1/x86_64-linux-thread-multi/CORE  -DPERL_POLLUTE  conftest.c >&5
configure:2886: $? = 0
configure:3098: creating ./config.status

## ---------------------- ##
## Running config.status. ##
## ---------------------- ##

This file was extended by config.status, which was
generated by GNU Autoconf 2.69.  Invocation command line was

  CONFIG_FILES    = 
  CONFIG_HEADERS  = 
  CONFIG_LINKS    = 
  CONFIG_COMMANDS = 
  $ ./config.status 

on hgx

config.status:744: creating src/Makevars
config.status:744: creating inst/scripts/RSPerl.csh
config.status:744: creating inst/scripts/RSPerl.bsh
config.status:744: creating src/RinPerlMakefile
config.status:744: creating src/Makefile.PL
config.status:744: creating cleanup
config.status:744: creating src/R.pm
config.status:744: creating R/perl5lib.R

## ---------------- ##
## Cache variables. ##
## ---------------- ##

ac_cv_c_compiler_gnu=yes
ac_cv_env_CC_set=
ac_cv_env_CC_value=
ac_cv_env_CFLAGS_set=
ac_cv_env_CFLAGS_value=
ac_cv_env_CPPFLAGS_set=
ac_cv_env_CPPFLAGS_value=
ac_cv_env_LDFLAGS_set=
ac_cv_env_LDFLAGS_value=
ac_cv_env_LIBS_set=
ac_cv_env_LIBS_value=
ac_cv_env_build_alias_set=
ac_cv_env_build_alias_value=
ac_cv_env_host_alias_set=
ac_cv_env_host_alias_value=
ac_cv_env_target_alias_set=
ac_cv_env_target_alias_value=
ac_cv_objext=o
ac_cv_path_PERL=/usr/bin/perl
ac_cv_prog_ac_ct_CC=gcc
ac_cv_prog_cc_c89=
ac_cv_prog_cc_g=yes

## ----------------- ##
## Output variables. ##
## ----------------- ##

CC='gcc'
CFLAGS=''
CPPFLAGS=''
DEFS='-DPACKAGE_NAME=\"\" -DPACKAGE_TARNAME=\"\" -DPACKAGE_VERSION=\"\" -DPACKAGE_STRING=\"\" -DPACKAGE_BUGREPORT=\"\" -DPACKAGE_URL=\"\"'
ECHO_C=''
ECHO_N='-n'
ECHO_T=''
EXEEXT=''
LANGUAGE_DEFS=' -D_R_=1 -DUSE_R=1 -DUSE_TOPLEVEL_EXEC=1 -DWITH_R_IN_PERL=1'
LDFLAGS=''
LD_PATH='/home/pingu/lib64/R-3.1.3/library/RSPerl/libs'
LD_PATH_VAR='LD_LIBRARY_PATH'
LIBOBJS=''
LIBS=''
LTLIBOBJS=''
NO_SUPPORT_R_IN_PERL='0'
OBJEXT='o'
OTHERLDFLAGS='-Wl,--export-dynamic -fopenmp  -llzma -lrt -ldl -lm -licuuc -licui18n'
PACKAGE_BUGREPORT=''
PACKAGE_NAME=''
PACKAGE_STRING=''
PACKAGE_TARNAME=''
PACKAGE_URL=''
PACKAGE_VERSION=''
PATH_SEPARATOR=':'
PERL5_PATH='/home/pingu/lib64/R-3.1.3/library/RSPerl/perl'
PERL='/usr/bin/perl'
PERL_INSTALL_PREFIX='PREFIX=/home/pingu/lib64/R-3.1.3/library/RSPerl LIB=/home/pingu/lib64/R-3.1.3/library/RSPerl/perl'
PERL_LD_MAKE_ARG=''
PERL_MODULE_SO_DIRS=''
R_HOME='/home/pingu/lib64/R-3.1.3'
R_IN_PERL_DEFINES='-DWITH_R_IN_PERL=1'
R_IN_PERL_LIBRARY='RinPerl'
R_LIBRARY_DIR=''
R_PACKAGE_DIR='/home/pingu/lib64/R-3.1.3/library/RSPerl'
R_PERL_MODULES='c("R")'
R_SHLIB_CPPFLAGS='-I/home/pingu/lib64/R-3.1.3/include'
R_SHLIB_LDFLAGS='-Wl,--export-dynamic -fopenmp  -L/home/pingu/lib64/R-3.1.3/lib -lR -llzma -lrt -ldl -lm -licuuc -licui18n'
R_SO_DIR='-Wl,--export-dynamic -fopenmp /home/pingu/lib64/R-3.1.3/lib'
SHELL='/bin/sh'
ac_ct_CC='gcc'
bindir='${exec_prefix}/bin'
build_alias=''
datadir='${datarootdir}'
datarootdir='${prefix}/share'
docdir='${datarootdir}/doc/${PACKAGE}'
dvidir='${docdir}'
exec_prefix='${prefix}'
host_alias=''
htmldir='${docdir}'
includedir='${prefix}/include'
infodir='${datarootdir}/info'
libdir='${exec_prefix}/lib64'
libexecdir='${exec_prefix}/lib'
localedir='${datarootdir}/locale'
localstatedir='${prefix}/var'
mandir='${datarootdir}/man'
oldincludedir='/usr/include'
pdfdir='${docdir}'
prefix='/usr/local'
program_transform_name='s,x,x,'
psdir='${docdir}'
sbindir='${exec_prefix}/sbin'
sharedstatedir='${prefix}/com'
sysconfdir='${prefix}/etc'
target_alias=''

configure: exit 0
